<?xml version="1.0" encoding="UTF-8"?>
<!-- Generated by org.testng.reporters.JUnitXMLReporter -->
<testsuite ignored="0" hostname="Walky-Delta" failures="0" tests="6" name="Command line test" time="0.065" errors="0" timestamp="2020-06-11T15:57:28 GMT-04:00">
  <testcase classname="testgroupid.TestMavenProject.AppiumTest" name="M5" time="0.007"/>
  <testcase classname="testgroupid.TestMavenProject.AppiumTest" name="M6" time="0.0"/>
  <testcase classname="testgroupid.TestMavenProject.RestAssuredTest" name="M1" time="0.0"/>
  <testcase classname="testgroupid.TestMavenProject.RestAssuredTest" name="M2" time="0.0"/>
  <testcase classname="testgroupid.TestMavenProject.SeleniumTest" name="M3" time="0.001"/>
  <testcase classname="testgroupid.TestMavenProject.SeleniumTest" name="M4" time="0.0"/>
</testsuite> <!-- Command line test -->
