<?xml version="1.0" encoding="UTF-8"?>
<!-- Generated by org.testng.reporters.JUnitXMLReporter -->
<testsuite ignored="0" hostname="Walky-Delta" failures="0" tests="4" name="TestMavenTestNG" time="0.165" errors="0" timestamp="2020-06-11T15:09:07 GMT-04:00">
  <testcase classname="testgroupid.TestMavenProject.RestAssuredTest" name="M1" time="0.029"/>
  <testcase classname="testgroupid.TestMavenProject.RestAssuredTest" name="M2" time="0.012"/>
  <testcase classname="testgroupid.TestMavenProject.SeleniumTest" name="M3" time="0.002"/>
  <testcase classname="testgroupid.TestMavenProject.SeleniumTest" name="M4" time="0.006"/>
</testsuite> <!-- TestMavenTestNG -->
