<?xml version="1.0" encoding="UTF-8" ?>
<testsuite tests="6" failures="0" name="TestSuite" time="0.013" errors="0" skipped="0">
  <properties>
[...]
</properties>
  <testcase classname="testgroupid.TestMavenProject.AppiumTest" name="M5" time="0.011"/>
  <testcase classname="testgroupid.TestMavenProject.AppiumTest" name="M6" time="0"/>
  <testcase classname="testgroupid.TestMavenProject.RestAssuredTest" name="M1" time="0.001"/>
  <testcase classname="testgroupid.TestMavenProject.RestAssuredTest" name="M2" time="0.001"/>
  <testcase classname="testgroupid.TestMavenProject.SeleniumTest" name="M3" time="0"/>
  <testcase classname="testgroupid.TestMavenProject.SeleniumTest" name="M4" time="0"/>
</testsuite>