<?xml version="1.0" encoding="UTF-8"?>
<testng-results ignored="0" total="4" passed="4" failed="0" skipped="0">
  <reporter-output>
  </reporter-output>
  <suite started-at="2020-06-11T15:09:07 GMT-04:00" name="SuiteMavenTestNG" finished-at="2020-06-11T15:09:07 GMT-04:00" duration-ms="165">
    <groups>
    </groups>
    <test started-at="2020-06-11T15:09:07 GMT-04:00" name="TestMavenTestNG" finished-at="2020-06-11T15:09:07 GMT-04:00" duration-ms="165">
      <class name="testgroupid.TestMavenProject.SeleniumTest">
        <test-method signature="M3()[pri:0, instance:testgroupid.TestMavenProject.SeleniumTest@366647c2]" started-at="2020-06-11T15:09:07 GMT-04:00" name="M3" finished-at="2020-06-11T15:09:07 GMT-04:00" duration-ms="2" status="PASS">
          <reporter-output>
          </reporter-output>
        </test-method> <!-- M3 -->
        <test-method signature="M4()[pri:0, instance:testgroupid.TestMavenProject.SeleniumTest@366647c2]" started-at="2020-06-11T15:09:07 GMT-04:00" name="M4" finished-at="2020-06-11T15:09:07 GMT-04:00" duration-ms="6" status="PASS">
          <reporter-output>
          </reporter-output>
        </test-method> <!-- M4 -->
      </class> <!-- testgroupid.TestMavenProject.SeleniumTest -->
      <class name="testgroupid.TestMavenProject.RestAssuredTest">
        <test-method signature="M1()[pri:0, instance:testgroupid.TestMavenProject.RestAssuredTest@482bce4f]" started-at="2020-06-11T15:09:07 GMT-04:00" name="M1" finished-at="2020-06-11T15:09:07 GMT-04:00" duration-ms="29" status="PASS">
          <reporter-output>
          </reporter-output>
        </test-method> <!-- M1 -->
        <test-method signature="M2()[pri:0, instance:testgroupid.TestMavenProject.RestAssuredTest@482bce4f]" started-at="2020-06-11T15:09:07 GMT-04:00" name="M2" finished-at="2020-06-11T15:09:07 GMT-04:00" duration-ms="12" status="PASS">
          <reporter-output>
          </reporter-output>
        </test-method> <!-- M2 -->
      </class> <!-- testgroupid.TestMavenProject.RestAssuredTest -->
    </test> <!-- TestMavenTestNG -->
  </suite> <!-- SuiteMavenTestNG -->
</testng-results>
